#! /usr/local/bin/vvp
:ivl_version "10.1 (stable)" "(v10_1_1)";
:ivl_delay_selection "TYPICAL";
:vpi_time_precision - 4;
:vpi_module "system";
:vpi_module "vhdl_sys";
:vpi_module "v2005_math";
:vpi_module "va_math";
S_0451f898 .scope module, "TOPFINAL_TEST" "TOPFINAL_TEST" 2 3;
 .timescale -4 -4;
P_04510218 .param/l "STEP" 0 2 14, +C4<00000000000000000000000000000101>;
v0455b578_0 .net "BZ", 0 0, v0455ab48_0;  1 drivers
v0455b9f0_0 .var "CLOCK", 0 0;
o04527c54 .functor BUFZ 8, C4<zzzzzzzz>; HiZ drive
v0455b368_0 .net "LED", 7 0, o04527c54;  0 drivers
v0455b730_0 .var "PSW", 3 0;
v0455b940_0 .var "RESET", 0 0;
v0455b4c8_0 .var "RSW", 3 0;
o04527c84 .functor BUFZ 8, C4<zzzzzzzz>; HiZ drive
v0455b050_0 .net "SEG_A", 7 0, o04527c84;  0 drivers
v0455b3c0_0 .net "SEG_B", 7 0, L_0455ba48;  1 drivers
v0455b520_0 .net "SEG_C", 7 0, L_0455b838;  1 drivers
v0455b5d0_0 .net "SEG_D", 7 0, L_0455b6d8;  1 drivers
v0455b628_0 .net "STR_B", 7 0, L_0455baa0;  1 drivers
v0455b418_0 .net "STR_C", 7 0, L_0455baf8;  1 drivers
v0455b998_0 .net "STR_D", 7 0, L_0455b0a8;  1 drivers
L_0455baa0 .ufunc TD_TOPFINAL_TEST.STR, 8, L_0455ba48 (v0450a498_0) v0450a4f0_0 S_0451f968;
L_0455baf8 .ufunc TD_TOPFINAL_TEST.STR, 8, L_0455b838 (v0450a498_0) v0450a4f0_0 S_0451f968;
L_0455b0a8 .ufunc TD_TOPFINAL_TEST.STR, 8, L_0455b6d8 (v0450a498_0) v0450a4f0_0 S_0451f968;
S_0451f968 .scope function, "STR" "STR" 2 45, 2 45 0, S_0451f898;
 .timescale -4 -4;
v0450a498_0 .var "SEG", 7 0;
v0450a4f0_0 .var "STR", 7 0;
TD_TOPFINAL_TEST.STR ;
    %load/vec4 v0450a498_0;
    %dup/vec4;
    %pushi/vec4 252, 0, 8;
    %cmp/u;
    %jmp/1 T_0.0, 6;
    %dup/vec4;
    %pushi/vec4 96, 0, 8;
    %cmp/u;
    %jmp/1 T_0.1, 6;
    %dup/vec4;
    %pushi/vec4 218, 0, 8;
    %cmp/u;
    %jmp/1 T_0.2, 6;
    %dup/vec4;
    %pushi/vec4 242, 0, 8;
    %cmp/u;
    %jmp/1 T_0.3, 6;
    %dup/vec4;
    %pushi/vec4 102, 0, 8;
    %cmp/u;
    %jmp/1 T_0.4, 6;
    %dup/vec4;
    %pushi/vec4 182, 0, 8;
    %cmp/u;
    %jmp/1 T_0.5, 6;
    %dup/vec4;
    %pushi/vec4 190, 0, 8;
    %cmp/u;
    %jmp/1 T_0.6, 6;
    %dup/vec4;
    %pushi/vec4 224, 0, 8;
    %cmp/u;
    %jmp/1 T_0.7, 6;
    %dup/vec4;
    %pushi/vec4 254, 0, 8;
    %cmp/u;
    %jmp/1 T_0.8, 6;
    %dup/vec4;
    %pushi/vec4 246, 0, 8;
    %cmp/u;
    %jmp/1 T_0.9, 6;
    %pushi/vec4 63, 0, 8; draw_string_vec4
    %store/vec4 v0450a4f0_0, 0, 8;
    %jmp T_0.11;
T_0.0 ;
    %pushi/vec4 48, 0, 8; draw_string_vec4
    %store/vec4 v0450a4f0_0, 0, 8;
    %jmp T_0.11;
T_0.1 ;
    %pushi/vec4 49, 0, 8; draw_string_vec4
    %store/vec4 v0450a4f0_0, 0, 8;
    %jmp T_0.11;
T_0.2 ;
    %pushi/vec4 50, 0, 8; draw_string_vec4
    %store/vec4 v0450a4f0_0, 0, 8;
    %jmp T_0.11;
T_0.3 ;
    %pushi/vec4 51, 0, 8; draw_string_vec4
    %store/vec4 v0450a4f0_0, 0, 8;
    %jmp T_0.11;
T_0.4 ;
    %pushi/vec4 52, 0, 8; draw_string_vec4
    %store/vec4 v0450a4f0_0, 0, 8;
    %jmp T_0.11;
T_0.5 ;
    %pushi/vec4 53, 0, 8; draw_string_vec4
    %store/vec4 v0450a4f0_0, 0, 8;
    %jmp T_0.11;
T_0.6 ;
    %pushi/vec4 54, 0, 8; draw_string_vec4
    %store/vec4 v0450a4f0_0, 0, 8;
    %jmp T_0.11;
T_0.7 ;
    %pushi/vec4 55, 0, 8; draw_string_vec4
    %store/vec4 v0450a4f0_0, 0, 8;
    %jmp T_0.11;
T_0.8 ;
    %pushi/vec4 56, 0, 8; draw_string_vec4
    %store/vec4 v0450a4f0_0, 0, 8;
    %jmp T_0.11;
T_0.9 ;
    %pushi/vec4 57, 0, 8; draw_string_vec4
    %store/vec4 v0450a4f0_0, 0, 8;
    %jmp T_0.11;
T_0.11 ;
    %pop/vec4 1;
    %end;
S_04514168 .scope module, "TOPFINAL" "TOPFINAL" 2 16, 3 1 0, S_0451f898;
 .timescale 0 0;
    .port_info 0 /INPUT 1 "CLOCK"
    .port_info 1 /INPUT 1 "RESET"
    .port_info 2 /INPUT 4 "PSW"
    .port_info 3 /INPUT 4 "RSW"
    .port_info 4 /OUTPUT 8 "SEG_A"
    .port_info 5 /OUTPUT 8 "SEG_B"
    .port_info 6 /OUTPUT 8 "SEG_C"
    .port_info 7 /OUTPUT 8 "SEG_D"
    .port_info 8 /OUTPUT 8 "LED"
    .port_info 9 /OUTPUT 1 "BZ"
v0455ad00_0 .net "BO10S_M", 0 0, L_04523720;  1 drivers
v0455ae08_0 .net "BO1S_10S", 0 0, L_04523060;  1 drivers
v0455ab48_0 .var "BZ", 0 0;
v0455aca8_0 .var "CAN_START", 0 0;
v0455adb0_0 .net "CLOCK", 0 0, v0455b9f0_0;  1 drivers
v0455ad58_0 .net "EN", 0 0, L_0455b788;  1 drivers
v0455ac50_0 .var "IS_COUNTING", 0 0;
v0455aeb8_0 .net "LED", 7 0, o04527c54;  alias, 0 drivers
v0455aba0_0 .net "OUT_10S", 3 0, v0455a6d0_0;  1 drivers
v0455ae60_0 .net "OUT_1S", 3 0, v0455a0a0_0;  1 drivers
v0455abf8_0 .net "OUT_M", 3 0, v0455a5c8_0;  1 drivers
v0455af10_0 .net "PSW", 3 0, v0455b730_0;  1 drivers
v0455b8e8_0 .net "RESET", 0 0, v0455b940_0;  1 drivers
v0455b7e0_0 .net "RSW", 3 0, v0455b4c8_0;  1 drivers
v0455b310_0 .net "SEG_A", 7 0, o04527c84;  alias, 0 drivers
v0455b890_0 .net "SEG_B", 7 0, L_0455ba48;  alias, 1 drivers
v0455b260_0 .net "SEG_C", 7 0, L_0455b838;  alias, 1 drivers
v0455b2b8_0 .net "SEG_D", 7 0, L_0455b6d8;  alias, 1 drivers
S_0451ad50 .scope module, "CLKDIV1000" "CLKDIV1000" 3 49, 4 3 0, S_04514168;
 .timescale 0 0;
    .port_info 0 /INPUT 1 "CLOCK"
    .port_info 1 /INPUT 1 "RESET"
    .port_info 2 /INPUT 1 "EN"
    .port_info 3 /OUTPUT 1 "CY"
v0450a2e0_0 .net "CLOCK", 0 0, v0455b9f0_0;  alias, 1 drivers
v0450a7b0_0 .var "CNT", 9 0;
v0450a440_0 .net "CY", 0 0, L_0455b788;  alias, 1 drivers
v0450a6a8_0 .net "EN", 0 0, v0455ac50_0;  1 drivers
v0450a8b8_0 .net "RESET", 0 0, v0455b940_0;  alias, 1 drivers
L_0455c438 .functor BUFT 1, C4<1111100111>, C4<0>, C4<0>, C4<0>;
v0450a338_0 .net/2u *"_s0", 9 0, L_0455c438;  1 drivers
E_04510268 .event posedge, v0450a8b8_0, v0450a2e0_0;
L_0455b788 .cmp/eq 10, v0450a7b0_0, L_0455c438;
S_0451ae20 .scope module, "CNT10" "CNT10" 3 51, 5 2 0, S_04514168;
 .timescale 0 0;
    .port_info 0 /INPUT 1 "CLOCK"
    .port_info 1 /INPUT 1 "RESET"
    .port_info 2 /INPUT 1 "EN"
    .port_info 3 /OUTPUT 4 "CNT"
    .port_info 4 /OUTPUT 1 "BO"
L_0455c488 .functor BUFT 1, C4<1>, C4<0>, C4<0>, C4<0>;
L_04523180 .functor XNOR 1, L_0455b788, L_0455c488, C4<0>, C4<0>;
L_04523060 .functor AND 1, L_0455b680, L_04523180, C4<1>, C4<1>;
v0450a910_0 .net "BO", 0 0, L_04523060;  alias, 1 drivers
v0455a4c0_0 .net "CLOCK", 0 0, v0455b9f0_0;  alias, 1 drivers
v0455a0a0_0 .var "CNT", 3 0;
v0455a2b0_0 .net "EN", 0 0, L_0455b788;  alias, 1 drivers
v0455a888_0 .net "RESET", 0 0, v0455b940_0;  alias, 1 drivers
L_0455c460 .functor BUFT 1, C4<0000>, C4<0>, C4<0>, C4<0>;
v0455a780_0 .net/2u *"_s0", 3 0, L_0455c460;  1 drivers
v0455a570_0 .net *"_s2", 0 0, L_0455b680;  1 drivers
v0455a0f8_0 .net/2u *"_s4", 0 0, L_0455c488;  1 drivers
v0455a678_0 .net *"_s6", 0 0, L_04523180;  1 drivers
L_0455b680 .cmp/eq 4, v0455a0a0_0, L_0455c460;
S_04518778 .scope module, "CNT6" "CNT6" 3 52, 6 2 0, S_04514168;
 .timescale 0 0;
    .port_info 0 /INPUT 1 "CLOCK"
    .port_info 1 /INPUT 1 "RESET"
    .port_info 2 /INPUT 1 "EN"
    .port_info 3 /OUTPUT 4 "CNT"
    .port_info 4 /OUTPUT 1 "BO"
L_0455c4d8 .functor BUFT 1, C4<1>, C4<0>, C4<0>, C4<0>;
L_04523018 .functor XNOR 1, L_04523060, L_0455c4d8, C4<0>, C4<0>;
L_04523720 .functor AND 1, L_0455b470, L_04523018, C4<1>, C4<1>;
v0455a410_0 .net "BO", 0 0, L_04523720;  alias, 1 drivers
v0455a308_0 .net "CLOCK", 0 0, v0455b9f0_0;  alias, 1 drivers
v0455a6d0_0 .var "CNT", 3 0;
v0455a468_0 .net "EN", 0 0, L_04523060;  alias, 1 drivers
v0455a990_0 .net "RESET", 0 0, v0455b940_0;  alias, 1 drivers
L_0455c4b0 .functor BUFT 1, C4<0000>, C4<0>, C4<0>, C4<0>;
v0455a728_0 .net/2u *"_s0", 3 0, L_0455c4b0;  1 drivers
v0455a7d8_0 .net *"_s2", 0 0, L_0455b470;  1 drivers
v0455a518_0 .net/2u *"_s4", 0 0, L_0455c4d8;  1 drivers
v0455aa40_0 .net *"_s6", 0 0, L_04523018;  1 drivers
L_0455b470 .cmp/eq 4, v0455a6d0_0, L_0455c4b0;
S_04518848 .scope module, "CNTRSW" "CNTRSW" 3 53, 7 2 0, S_04514168;
 .timescale 0 0;
    .port_info 0 /INPUT 1 "CLOCK"
    .port_info 1 /INPUT 1 "RESET"
    .port_info 2 /INPUT 1 "EN"
    .port_info 3 /INPUT 4 "RSW"
    .port_info 4 /OUTPUT 4 "CNT"
v0455aa98_0 .net "CLOCK", 0 0, v0455b9f0_0;  alias, 1 drivers
v0455a5c8_0 .var "CNT", 3 0;
v0455a620_0 .net "EN", 0 0, L_04523720;  alias, 1 drivers
v0455a830_0 .net "RESET", 0 0, v0455b940_0;  alias, 1 drivers
v0455a8e0_0 .net "RSW", 3 0, v0455b4c8_0;  alias, 1 drivers
S_04516128 .scope module, "DEC7SEG_10S" "DEC7SEG" 3 56, 8 1 0, S_04514168;
 .timescale 0 0;
    .port_info 0 /INPUT 4 "HEX"
    .port_info 1 /OUTPUT 8 "LEDOUT"
v0455a9e8_0 .net "HEX", 3 0, v0455a6d0_0;  alias, 1 drivers
v0455a1a8_0 .net "LEDOUT", 7 0, L_0455b838;  alias, 1 drivers
L_0455b838 .ufunc TD_TOPFINAL_TEST.TOPFINAL.DEC7SEG_10S.DEC, 8, v0455a6d0_0 (v0455a938_0) v0455a150_0 S_045161f8;
S_045161f8 .scope function, "DEC" "DEC" 8 5, 8 5 0, S_04516128;
 .timescale 0 0;
v0455a150_0 .var "DEC", 7 0;
v0455a938_0 .var "HEX", 3 0;
TD_TOPFINAL_TEST.TOPFINAL.DEC7SEG_10S.DEC ;
    %load/vec4 v0455a938_0;
    %dup/vec4;
    %pushi/vec4 0, 0, 4;
    %cmp/u;
    %jmp/1 T_1.12, 6;
    %dup/vec4;
    %pushi/vec4 1, 0, 4;
    %cmp/u;
    %jmp/1 T_1.13, 6;
    %dup/vec4;
    %pushi/vec4 2, 0, 4;
    %cmp/u;
    %jmp/1 T_1.14, 6;
    %dup/vec4;
    %pushi/vec4 3, 0, 4;
    %cmp/u;
    %jmp/1 T_1.15, 6;
    %dup/vec4;
    %pushi/vec4 4, 0, 4;
    %cmp/u;
    %jmp/1 T_1.16, 6;
    %dup/vec4;
    %pushi/vec4 5, 0, 4;
    %cmp/u;
    %jmp/1 T_1.17, 6;
    %dup/vec4;
    %pushi/vec4 6, 0, 4;
    %cmp/u;
    %jmp/1 T_1.18, 6;
    %dup/vec4;
    %pushi/vec4 7, 0, 4;
    %cmp/u;
    %jmp/1 T_1.19, 6;
    %dup/vec4;
    %pushi/vec4 8, 0, 4;
    %cmp/u;
    %jmp/1 T_1.20, 6;
    %dup/vec4;
    %pushi/vec4 9, 0, 4;
    %cmp/u;
    %jmp/1 T_1.21, 6;
    %dup/vec4;
    %pushi/vec4 10, 0, 4;
    %cmp/u;
    %jmp/1 T_1.22, 6;
    %dup/vec4;
    %pushi/vec4 11, 0, 4;
    %cmp/u;
    %jmp/1 T_1.23, 6;
    %dup/vec4;
    %pushi/vec4 12, 0, 4;
    %cmp/u;
    %jmp/1 T_1.24, 6;
    %dup/vec4;
    %pushi/vec4 13, 0, 4;
    %cmp/u;
    %jmp/1 T_1.25, 6;
    %dup/vec4;
    %pushi/vec4 14, 0, 4;
    %cmp/u;
    %jmp/1 T_1.26, 6;
    %dup/vec4;
    %pushi/vec4 15, 0, 4;
    %cmp/u;
    %jmp/1 T_1.27, 6;
    %pushi/vec4 0, 0, 8;
    %store/vec4 v0455a150_0, 0, 8;
    %jmp T_1.29;
T_1.12 ;
    %pushi/vec4 252, 0, 8;
    %store/vec4 v0455a150_0, 0, 8;
    %jmp T_1.29;
T_1.13 ;
    %pushi/vec4 96, 0, 8;
    %store/vec4 v0455a150_0, 0, 8;
    %jmp T_1.29;
T_1.14 ;
    %pushi/vec4 218, 0, 8;
    %store/vec4 v0455a150_0, 0, 8;
    %jmp T_1.29;
T_1.15 ;
    %pushi/vec4 242, 0, 8;
    %store/vec4 v0455a150_0, 0, 8;
    %jmp T_1.29;
T_1.16 ;
    %pushi/vec4 102, 0, 8;
    %store/vec4 v0455a150_0, 0, 8;
    %jmp T_1.29;
T_1.17 ;
    %pushi/vec4 182, 0, 8;
    %store/vec4 v0455a150_0, 0, 8;
    %jmp T_1.29;
T_1.18 ;
    %pushi/vec4 190, 0, 8;
    %store/vec4 v0455a150_0, 0, 8;
    %jmp T_1.29;
T_1.19 ;
    %pushi/vec4 224, 0, 8;
    %store/vec4 v0455a150_0, 0, 8;
    %jmp T_1.29;
T_1.20 ;
    %pushi/vec4 254, 0, 8;
    %store/vec4 v0455a150_0, 0, 8;
    %jmp T_1.29;
T_1.21 ;
    %pushi/vec4 246, 0, 8;
    %store/vec4 v0455a150_0, 0, 8;
    %jmp T_1.29;
T_1.22 ;
    %pushi/vec4 238, 0, 8;
    %store/vec4 v0455a150_0, 0, 8;
    %jmp T_1.29;
T_1.23 ;
    %pushi/vec4 62, 0, 8;
    %store/vec4 v0455a150_0, 0, 8;
    %jmp T_1.29;
T_1.24 ;
    %pushi/vec4 26, 0, 8;
    %store/vec4 v0455a150_0, 0, 8;
    %jmp T_1.29;
T_1.25 ;
    %pushi/vec4 122, 0, 8;
    %store/vec4 v0455a150_0, 0, 8;
    %jmp T_1.29;
T_1.26 ;
    %pushi/vec4 158, 0, 8;
    %store/vec4 v0455a150_0, 0, 8;
    %jmp T_1.29;
T_1.27 ;
    %pushi/vec4 142, 0, 8;
    %store/vec4 v0455a150_0, 0, 8;
    %jmp T_1.29;
T_1.29 ;
    %pop/vec4 1;
    %end;
S_0357bb18 .scope module, "DEC7SEG_1S" "DEC7SEG" 3 55, 8 1 0, S_04514168;
 .timescale 0 0;
    .port_info 0 /INPUT 4 "HEX"
    .port_info 1 /OUTPUT 8 "LEDOUT"
v0455a3b8_0 .net "HEX", 3 0, v0455a0a0_0;  alias, 1 drivers
v0455a258_0 .net "LEDOUT", 7 0, L_0455b6d8;  alias, 1 drivers
L_0455b6d8 .ufunc TD_TOPFINAL_TEST.TOPFINAL.DEC7SEG_1S.DEC, 8, v0455a0a0_0 (v0455a360_0) v0455aaf0_0 S_0357bbe8;
S_0357bbe8 .scope function, "DEC" "DEC" 8 5, 8 5 0, S_0357bb18;
 .timescale 0 0;
v0455aaf0_0 .var "DEC", 7 0;
v0455a360_0 .var "HEX", 3 0;
TD_TOPFINAL_TEST.TOPFINAL.DEC7SEG_1S.DEC ;
    %load/vec4 v0455a360_0;
    %dup/vec4;
    %pushi/vec4 0, 0, 4;
    %cmp/u;
    %jmp/1 T_2.30, 6;
    %dup/vec4;
    %pushi/vec4 1, 0, 4;
    %cmp/u;
    %jmp/1 T_2.31, 6;
    %dup/vec4;
    %pushi/vec4 2, 0, 4;
    %cmp/u;
    %jmp/1 T_2.32, 6;
    %dup/vec4;
    %pushi/vec4 3, 0, 4;
    %cmp/u;
    %jmp/1 T_2.33, 6;
    %dup/vec4;
    %pushi/vec4 4, 0, 4;
    %cmp/u;
    %jmp/1 T_2.34, 6;
    %dup/vec4;
    %pushi/vec4 5, 0, 4;
    %cmp/u;
    %jmp/1 T_2.35, 6;
    %dup/vec4;
    %pushi/vec4 6, 0, 4;
    %cmp/u;
    %jmp/1 T_2.36, 6;
    %dup/vec4;
    %pushi/vec4 7, 0, 4;
    %cmp/u;
    %jmp/1 T_2.37, 6;
    %dup/vec4;
    %pushi/vec4 8, 0, 4;
    %cmp/u;
    %jmp/1 T_2.38, 6;
    %dup/vec4;
    %pushi/vec4 9, 0, 4;
    %cmp/u;
    %jmp/1 T_2.39, 6;
    %dup/vec4;
    %pushi/vec4 10, 0, 4;
    %cmp/u;
    %jmp/1 T_2.40, 6;
    %dup/vec4;
    %pushi/vec4 11, 0, 4;
    %cmp/u;
    %jmp/1 T_2.41, 6;
    %dup/vec4;
    %pushi/vec4 12, 0, 4;
    %cmp/u;
    %jmp/1 T_2.42, 6;
    %dup/vec4;
    %pushi/vec4 13, 0, 4;
    %cmp/u;
    %jmp/1 T_2.43, 6;
    %dup/vec4;
    %pushi/vec4 14, 0, 4;
    %cmp/u;
    %jmp/1 T_2.44, 6;
    %dup/vec4;
    %pushi/vec4 15, 0, 4;
    %cmp/u;
    %jmp/1 T_2.45, 6;
    %pushi/vec4 0, 0, 8;
    %store/vec4 v0455aaf0_0, 0, 8;
    %jmp T_2.47;
T_2.30 ;
    %pushi/vec4 252, 0, 8;
    %store/vec4 v0455aaf0_0, 0, 8;
    %jmp T_2.47;
T_2.31 ;
    %pushi/vec4 96, 0, 8;
    %store/vec4 v0455aaf0_0, 0, 8;
    %jmp T_2.47;
T_2.32 ;
    %pushi/vec4 218, 0, 8;
    %store/vec4 v0455aaf0_0, 0, 8;
    %jmp T_2.47;
T_2.33 ;
    %pushi/vec4 242, 0, 8;
    %store/vec4 v0455aaf0_0, 0, 8;
    %jmp T_2.47;
T_2.34 ;
    %pushi/vec4 102, 0, 8;
    %store/vec4 v0455aaf0_0, 0, 8;
    %jmp T_2.47;
T_2.35 ;
    %pushi/vec4 182, 0, 8;
    %store/vec4 v0455aaf0_0, 0, 8;
    %jmp T_2.47;
T_2.36 ;
    %pushi/vec4 190, 0, 8;
    %store/vec4 v0455aaf0_0, 0, 8;
    %jmp T_2.47;
T_2.37 ;
    %pushi/vec4 224, 0, 8;
    %store/vec4 v0455aaf0_0, 0, 8;
    %jmp T_2.47;
T_2.38 ;
    %pushi/vec4 254, 0, 8;
    %store/vec4 v0455aaf0_0, 0, 8;
    %jmp T_2.47;
T_2.39 ;
    %pushi/vec4 246, 0, 8;
    %store/vec4 v0455aaf0_0, 0, 8;
    %jmp T_2.47;
T_2.40 ;
    %pushi/vec4 238, 0, 8;
    %store/vec4 v0455aaf0_0, 0, 8;
    %jmp T_2.47;
T_2.41 ;
    %pushi/vec4 62, 0, 8;
    %store/vec4 v0455aaf0_0, 0, 8;
    %jmp T_2.47;
T_2.42 ;
    %pushi/vec4 26, 0, 8;
    %store/vec4 v0455aaf0_0, 0, 8;
    %jmp T_2.47;
T_2.43 ;
    %pushi/vec4 122, 0, 8;
    %store/vec4 v0455aaf0_0, 0, 8;
    %jmp T_2.47;
T_2.44 ;
    %pushi/vec4 158, 0, 8;
    %store/vec4 v0455aaf0_0, 0, 8;
    %jmp T_2.47;
T_2.45 ;
    %pushi/vec4 142, 0, 8;
    %store/vec4 v0455aaf0_0, 0, 8;
    %jmp T_2.47;
T_2.47 ;
    %pop/vec4 1;
    %end;
S_0357e468 .scope module, "DEC7SEG_M" "DEC7SEG" 3 57, 8 1 0, S_04514168;
 .timescale 0 0;
    .port_info 0 /INPUT 4 "HEX"
    .port_info 1 /OUTPUT 8 "LEDOUT"
v0455afc0_0 .net "HEX", 3 0, v0455a5c8_0;  alias, 1 drivers
v0455af68_0 .net "LEDOUT", 7 0, L_0455ba48;  alias, 1 drivers
L_0455ba48 .ufunc TD_TOPFINAL_TEST.TOPFINAL.DEC7SEG_M.DEC, 8, v0455a5c8_0 (v0455a200_0) v0455a048_0 S_0357e538;
S_0357e538 .scope function, "DEC" "DEC" 8 5, 8 5 0, S_0357e468;
 .timescale 0 0;
v0455a048_0 .var "DEC", 7 0;
v0455a200_0 .var "HEX", 3 0;
TD_TOPFINAL_TEST.TOPFINAL.DEC7SEG_M.DEC ;
    %load/vec4 v0455a200_0;
    %dup/vec4;
    %pushi/vec4 0, 0, 4;
    %cmp/u;
    %jmp/1 T_3.48, 6;
    %dup/vec4;
    %pushi/vec4 1, 0, 4;
    %cmp/u;
    %jmp/1 T_3.49, 6;
    %dup/vec4;
    %pushi/vec4 2, 0, 4;
    %cmp/u;
    %jmp/1 T_3.50, 6;
    %dup/vec4;
    %pushi/vec4 3, 0, 4;
    %cmp/u;
    %jmp/1 T_3.51, 6;
    %dup/vec4;
    %pushi/vec4 4, 0, 4;
    %cmp/u;
    %jmp/1 T_3.52, 6;
    %dup/vec4;
    %pushi/vec4 5, 0, 4;
    %cmp/u;
    %jmp/1 T_3.53, 6;
    %dup/vec4;
    %pushi/vec4 6, 0, 4;
    %cmp/u;
    %jmp/1 T_3.54, 6;
    %dup/vec4;
    %pushi/vec4 7, 0, 4;
    %cmp/u;
    %jmp/1 T_3.55, 6;
    %dup/vec4;
    %pushi/vec4 8, 0, 4;
    %cmp/u;
    %jmp/1 T_3.56, 6;
    %dup/vec4;
    %pushi/vec4 9, 0, 4;
    %cmp/u;
    %jmp/1 T_3.57, 6;
    %dup/vec4;
    %pushi/vec4 10, 0, 4;
    %cmp/u;
    %jmp/1 T_3.58, 6;
    %dup/vec4;
    %pushi/vec4 11, 0, 4;
    %cmp/u;
    %jmp/1 T_3.59, 6;
    %dup/vec4;
    %pushi/vec4 12, 0, 4;
    %cmp/u;
    %jmp/1 T_3.60, 6;
    %dup/vec4;
    %pushi/vec4 13, 0, 4;
    %cmp/u;
    %jmp/1 T_3.61, 6;
    %dup/vec4;
    %pushi/vec4 14, 0, 4;
    %cmp/u;
    %jmp/1 T_3.62, 6;
    %dup/vec4;
    %pushi/vec4 15, 0, 4;
    %cmp/u;
    %jmp/1 T_3.63, 6;
    %pushi/vec4 0, 0, 8;
    %store/vec4 v0455a048_0, 0, 8;
    %jmp T_3.65;
T_3.48 ;
    %pushi/vec4 252, 0, 8;
    %store/vec4 v0455a048_0, 0, 8;
    %jmp T_3.65;
T_3.49 ;
    %pushi/vec4 96, 0, 8;
    %store/vec4 v0455a048_0, 0, 8;
    %jmp T_3.65;
T_3.50 ;
    %pushi/vec4 218, 0, 8;
    %store/vec4 v0455a048_0, 0, 8;
    %jmp T_3.65;
T_3.51 ;
    %pushi/vec4 242, 0, 8;
    %store/vec4 v0455a048_0, 0, 8;
    %jmp T_3.65;
T_3.52 ;
    %pushi/vec4 102, 0, 8;
    %store/vec4 v0455a048_0, 0, 8;
    %jmp T_3.65;
T_3.53 ;
    %pushi/vec4 182, 0, 8;
    %store/vec4 v0455a048_0, 0, 8;
    %jmp T_3.65;
T_3.54 ;
    %pushi/vec4 190, 0, 8;
    %store/vec4 v0455a048_0, 0, 8;
    %jmp T_3.65;
T_3.55 ;
    %pushi/vec4 224, 0, 8;
    %store/vec4 v0455a048_0, 0, 8;
    %jmp T_3.65;
T_3.56 ;
    %pushi/vec4 254, 0, 8;
    %store/vec4 v0455a048_0, 0, 8;
    %jmp T_3.65;
T_3.57 ;
    %pushi/vec4 246, 0, 8;
    %store/vec4 v0455a048_0, 0, 8;
    %jmp T_3.65;
T_3.58 ;
    %pushi/vec4 238, 0, 8;
    %store/vec4 v0455a048_0, 0, 8;
    %jmp T_3.65;
T_3.59 ;
    %pushi/vec4 62, 0, 8;
    %store/vec4 v0455a048_0, 0, 8;
    %jmp T_3.65;
T_3.60 ;
    %pushi/vec4 26, 0, 8;
    %store/vec4 v0455a048_0, 0, 8;
    %jmp T_3.65;
T_3.61 ;
    %pushi/vec4 122, 0, 8;
    %store/vec4 v0455a048_0, 0, 8;
    %jmp T_3.65;
T_3.62 ;
    %pushi/vec4 158, 0, 8;
    %store/vec4 v0455a048_0, 0, 8;
    %jmp T_3.65;
T_3.63 ;
    %pushi/vec4 142, 0, 8;
    %store/vec4 v0455a048_0, 0, 8;
    %jmp T_3.65;
T_3.65 ;
    %pop/vec4 1;
    %end;
    .scope S_0451ad50;
T_4 ;
    %wait E_04510268;
    %load/vec4 v0450a8b8_0;
    %cmpi/e 1, 0, 1;
    %jmp/0xz  T_4.0, 4;
    %pushi/vec4 0, 0, 10;
    %assign/vec4 v0450a7b0_0, 0;
    %jmp T_4.1;
T_4.0 ;
    %load/vec4 v0450a6a8_0;
    %cmpi/e 1, 0, 1;
    %jmp/0xz  T_4.2, 4;
    %load/vec4 v0450a7b0_0;
    %cmpi/e 999, 0, 10;
    %jmp/0xz  T_4.4, 4;
    %pushi/vec4 0, 0, 10;
    %assign/vec4 v0450a7b0_0, 0;
    %jmp T_4.5;
T_4.4 ;
    %load/vec4 v0450a7b0_0;
    %addi 1, 0, 10;
    %assign/vec4 v0450a7b0_0, 0;
T_4.5 ;
T_4.2 ;
T_4.1 ;
    %jmp T_4;
    .thread T_4;
    .scope S_0451ae20;
T_5 ;
    %wait E_04510268;
    %load/vec4 v0455a888_0;
    %cmpi/e 1, 0, 1;
    %jmp/0xz  T_5.0, 4;
    %pushi/vec4 0, 0, 4;
    %assign/vec4 v0455a0a0_0, 0;
    %jmp T_5.1;
T_5.0 ;
    %load/vec4 v0455a2b0_0;
    %cmpi/e 1, 0, 1;
    %jmp/0xz  T_5.2, 4;
    %load/vec4 v0455a0a0_0;
    %cmpi/e 0, 0, 4;
    %jmp/0xz  T_5.4, 4;
    %pushi/vec4 9, 0, 4;
    %assign/vec4 v0455a0a0_0, 0;
    %jmp T_5.5;
T_5.4 ;
    %load/vec4 v0455a0a0_0;
    %subi 1, 0, 4;
    %assign/vec4 v0455a0a0_0, 0;
T_5.5 ;
T_5.2 ;
T_5.1 ;
    %jmp T_5;
    .thread T_5;
    .scope S_04518778;
T_6 ;
    %wait E_04510268;
    %load/vec4 v0455a990_0;
    %cmpi/e 1, 0, 1;
    %jmp/0xz  T_6.0, 4;
    %pushi/vec4 0, 0, 4;
    %assign/vec4 v0455a6d0_0, 0;
    %jmp T_6.1;
T_6.0 ;
    %load/vec4 v0455a468_0;
    %cmpi/e 1, 0, 1;
    %jmp/0xz  T_6.2, 4;
    %load/vec4 v0455a6d0_0;
    %cmpi/e 0, 0, 4;
    %jmp/0xz  T_6.4, 4;
    %pushi/vec4 5, 0, 4;
    %assign/vec4 v0455a6d0_0, 0;
    %jmp T_6.5;
T_6.4 ;
    %load/vec4 v0455a6d0_0;
    %subi 1, 0, 4;
    %assign/vec4 v0455a6d0_0, 0;
T_6.5 ;
T_6.2 ;
T_6.1 ;
    %jmp T_6;
    .thread T_6;
    .scope S_04518848;
T_7 ;
    %wait E_04510268;
    %load/vec4 v0455a830_0;
    %cmpi/e 1, 0, 1;
    %jmp/0xz  T_7.0, 4;
    %load/vec4 v0455a8e0_0;
    %assign/vec4 v0455a5c8_0, 0;
    %jmp T_7.1;
T_7.0 ;
    %load/vec4 v0455a620_0;
    %cmpi/e 1, 0, 1;
    %jmp/0xz  T_7.2, 4;
    %load/vec4 v0455a5c8_0;
    %subi 1, 0, 4;
    %assign/vec4 v0455a5c8_0, 0;
T_7.2 ;
T_7.1 ;
    %jmp T_7;
    .thread T_7;
    .scope S_04514168;
T_8 ;
    %wait E_04510268;
    %load/vec4 v0455b8e8_0;
    %cmpi/e 1, 0, 1;
    %jmp/0xz  T_8.0, 4;
    %pushi/vec4 0, 0, 1;
    %assign/vec4 v0455aca8_0, 0;
    %pushi/vec4 0, 0, 1;
    %assign/vec4 v0455ac50_0, 0;
    %pushi/vec4 0, 0, 1;
    %assign/vec4 v0455ab48_0, 0;
    %jmp T_8.1;
T_8.0 ;
    %load/vec4 v0455abf8_0;
    %load/vec4 v0455b7e0_0;
    %cmp/e;
    %flag_get/vec4 4;
    %load/vec4 v0455aba0_0;
    %pushi/vec4 0, 0, 4;
    %cmp/e;
    %flag_get/vec4 4;
    %and;
    %load/vec4 v0455ae60_0;
    %pushi/vec4 0, 0, 4;
    %cmp/e;
    %flag_get/vec4 4;
    %and;
    %flag_set/vec4 8;
    %jmp/0xz  T_8.2, 8;
    %load/vec4 v0455af10_0;
    %parti/s 1, 0, 2;
    %cmpi/e 1, 0, 1;
    %jmp/0xz  T_8.4, 4;
    %pushi/vec4 0, 0, 1;
    %assign/vec4 v0455aca8_0, 0;
    %pushi/vec4 1, 0, 1;
    %assign/vec4 v0455ac50_0, 0;
T_8.4 ;
    %jmp T_8.3;
T_8.2 ;
    %load/vec4 v0455abf8_0;
    %pushi/vec4 0, 0, 4;
    %cmp/e;
    %flag_get/vec4 4;
    %load/vec4 v0455aba0_0;
    %pushi/vec4 0, 0, 4;
    %cmp/e;
    %flag_get/vec4 4;
    %and;
    %load/vec4 v0455ae60_0;
    %pushi/vec4 0, 0, 4;
    %cmp/e;
    %flag_get/vec4 4;
    %and;
    %flag_set/vec4 8;
    %jmp/0xz  T_8.6, 8;
    %load/vec4 v0455ab48_0;
    %pushi/vec4 1, 0, 1;
    %cmp/e;
    %flag_get/vec4 4;
    %load/vec4 v0455af10_0;
    %parti/s 1, 1, 2;
    %pushi/vec4 1, 0, 1;
    %cmp/e;
    %flag_get/vec4 4;
    %and;
    %flag_set/vec4 8;
    %jmp/0xz  T_8.8, 8;
    %pushi/vec4 0, 0, 1;
    %assign/vec4 v0455ab48_0, 0;
    %pushi/vec4 1, 0, 1;
    %assign/vec4 v0455aca8_0, 0;
    %jmp T_8.9;
T_8.8 ;
    %load/vec4 v0455aca8_0;
    %cmpi/e 0, 0, 1;
    %jmp/0xz  T_8.10, 4;
    %load/vec4 v0455ab48_0;
    %inv;
    %assign/vec4 v0455ab48_0, 0;
    %pushi/vec4 0, 0, 1;
    %assign/vec4 v0455ac50_0, 0;
    %jmp T_8.11;
T_8.10 ;
    %load/vec4 v0455ab48_0;
    %pushi/vec4 0, 0, 1;
    %cmp/e;
    %flag_get/vec4 4;
    %load/vec4 v0455aca8_0;
    %pushi/vec4 1, 0, 1;
    %cmp/e;
    %flag_get/vec4 4;
    %and;
    %load/vec4 v0455af10_0;
    %parti/s 1, 0, 2;
    %pushi/vec4 1, 0, 1;
    %cmp/e;
    %flag_get/vec4 4;
    %and;
    %flag_set/vec4 8;
    %jmp/0xz  T_8.12, 8;
    %pushi/vec4 0, 0, 1;
    %assign/vec4 v0455aca8_0, 0;
    %pushi/vec4 1, 0, 1;
    %assign/vec4 v0455ac50_0, 0;
T_8.12 ;
T_8.11 ;
T_8.9 ;
T_8.6 ;
T_8.3 ;
T_8.1 ;
    %jmp T_8;
    .thread T_8;
    .scope S_0451f898;
T_9 ;
    %delay 5, 0;
    %load/vec4 v0455b9f0_0;
    %inv;
    %store/vec4 v0455b9f0_0, 0, 1;
    %jmp T_9;
    .thread T_9;
    .scope S_0451f898;
T_10 ;
    %delay 60, 0;
    %load/vec4 v0455b628_0;
    %pushi/vec4 48, 0, 8; draw_string_vec4
    %cmp/e;
    %flag_get/vec4 4;
    %load/vec4 v0455b418_0;
    %pushi/vec4 48, 0, 8; draw_string_vec4
    %cmp/e;
    %flag_get/vec4 4;
    %and;
    %load/vec4 v0455b998_0;
    %pushi/vec4 48, 0, 8; draw_string_vec4
    %cmp/e;
    %flag_get/vec4 4;
    %and;
    %flag_set/vec4 8;
    %jmp/0xz  T_10.0, 8;
    %pushi/vec4 1, 0, 1;
    %ix/load 4, 1, 0;
    %flag_set/imm 4, 0;
    %store/vec4 v0455b730_0, 4, 1;
T_10.0 ;
    %jmp T_10;
    .thread T_10;
    .scope S_0451f898;
T_11 ;
    %pushi/vec4 0, 0, 1;
    %store/vec4 v0455b9f0_0, 0, 1;
    %pushi/vec4 0, 0, 1;
    %store/vec4 v0455b940_0, 0, 1;
    %pushi/vec4 1, 0, 4;
    %store/vec4 v0455b4c8_0, 0, 4;
    %delay 5, 0;
    %pushi/vec4 1, 0, 1;
    %store/vec4 v0455b940_0, 0, 1;
    %delay 5, 0;
    %pushi/vec4 0, 0, 1;
    %store/vec4 v0455b940_0, 0, 1;
    %delay 25, 0;
    %pushi/vec4 1, 0, 1;
    %ix/load 4, 0, 0;
    %flag_set/imm 4, 0;
    %store/vec4 v0455b730_0, 4, 1;
    %delay 5, 0;
    %pushi/vec4 0, 0, 1;
    %ix/load 4, 0, 0;
    %flag_set/imm 4, 0;
    %store/vec4 v0455b730_0, 4, 1;
    %pushi/vec4 0, 0, 4;
    %store/vec4 v0455b4c8_0, 0, 4;
    %end;
    .thread T_11;
    .scope S_0451f898;
T_12 ;
    %vpi_call 2 72 "$monitor", $stime, " CLOCK=%b, RESET=%b, PSW=%b, RSW=%h, STR=0%s:%s%s, BZ=%b", v0455b9f0_0, v0455b940_0, v0455b730_0, v0455b4c8_0, v0455b628_0, v0455b418_0, v0455b998_0, v0455b578_0 {0 0 0};
    %end;
    .thread T_12;
# The file index is used to find the file name in the following table.
:file_names 9;
    "N/A";
    "<interactive>";
    "C:\Users\nagashige\Documents\B3\hdl\hdl-pp\final\topfinal-sim.v";
    "C:\Users\nagashige\Documents\B3\hdl\hdl-pp\final\topfinal.v";
    "C:\Users\nagashige\Documents\B3\hdl\hdl-pp\final\clkdiv1000.v";
    "C:\Users\nagashige\Documents\B3\hdl\hdl-pp\final\cnt10.v";
    "C:\Users\nagashige\Documents\B3\hdl\hdl-pp\final\cnt6.v";
    "C:\Users\nagashige\Documents\B3\hdl\hdl-pp\final\cntrsw.v";
    "C:\Users\nagashige\Documents\B3\hdl\hdl-pp\final\dec7seg.v";
