[Header]
Signature=VISE
Version=0001
RemoveInUseFiles=0
RegistryKeyName=Icarus Verilog 0.8
Product Name=Icarus Verilog 0.8
[WinNT]
AdminPrivileges=1
[Directories2]
0=C:\iverilog
count=12
1=C:\iverilog\bin
2=C:\iverilog\include
3=C:\iverilog\lib
4=C:\iverilog\lib\ivl
5=C:\iverilog\man
6=C:\iverilog\man\man1
7=C:\Documents and Settings
8=C:\Documents and Settings\All Users
9=C:\Documents and Settings\All Users\スタート メニュー
10=C:\Documents and Settings\All Users\スタート メニュー\プログラム
11=C:\Documents and Settings\All Users\スタート メニュー\プログラム\Icarus Verilog 0.8
[Files]
count=64
0=C:\iverilog\bin\iverilog.exe
1=C:\iverilog\bin\iverilog-vpi.exe
2=C:\iverilog\bin\vvp.exe
3=C:\iverilog\bin\mingwm10.dll
4=C:\iverilog\bin\bzip2.dll
5=C:\iverilog\bin\libreadline.dll
6=C:\iverilog\bin\zlib.dll
7=C:\iverilog\include\ivl_target.h
8=C:\iverilog\include\vpi_user.h
9=C:\iverilog\include\acc_user.h
10=C:\iverilog\include\veriuser.h
11=C:\iverilog\include\_pli_types.h
12=C:\iverilog\lib\ivl\iverilog.conf
13=C:\iverilog\lib\ivl\ivl.exe
14=C:\iverilog\lib\ivl\ivlpp.exe
15=C:\iverilog\lib\ivl\null.tgt
16=C:\iverilog\lib\ivl\system.vpi
17=C:\iverilog\lib\ivl\vvp.tgt
18=C:\iverilog\lib\ivl\fpga.tgt
19=C:\iverilog\lib\ivl\cadpli.vpl
20=C:\iverilog\lib\ivl\fpga.conf
21=C:\iverilog\lib\ivl\fpga-s.conf
22=C:\iverilog\lib\ivl\null.conf
23=C:\iverilog\lib\ivl\null-s.conf
24=C:\iverilog\lib\ivl\system.sft
25=C:\iverilog\lib\ivl\vvp.conf
26=C:\iverilog\lib\ivl\vvp-s.conf
27=C:\iverilog\lib\ivl\xnf.conf
28=C:\iverilog\lib\ivl\xnf-s.conf
29=C:\iverilog\lib\libvpi.a
30=C:\iverilog\lib\libveriuser.a
31=C:\iverilog\iverilog.pdf
32=C:\iverilog\iverilog-vpi.pdf
33=C:\iverilog\hello.vl
34=C:\iverilog\sqrt-virtex.v
35=C:\iverilog\vvp.pdf
36=C:\iverilog\QUICK_START.txt
37=C:\iverilog\man\man1\iverilog.1
38=C:\iverilog\man\man1\vvp.1
39=C:\iverilog\man\man1\iverilog-vpi.1
40=C:\Documents and Settings\All Users\スタート メニュー\プログラム\Icarus Verilog 0.8\Remove Icarus Verilog 0.8.lnk
41=C:\iverilog\bin\iverilog.exe
42=C:\iverilog\bin\vvp.exe
43=C:\iverilog\bin\mingwm10.dll
44=C:\iverilog\include\ivl_target.h
45=C:\iverilog\include\vpi_user.h
46=C:\iverilog\include\acc_user.h
47=C:\iverilog\include\veriuser.h
48=C:\iverilog\lib\ivl\iverilog.conf
49=C:\iverilog\lib\ivl\ivl.exe
50=C:\iverilog\lib\ivl\ivlpp.exe
51=C:\iverilog\lib\ivl\null.tgt
52=C:\iverilog\lib\ivl\system.vpi
53=C:\iverilog\lib\ivl\vvp.tgt
54=C:\iverilog\lib\ivl\fpga.tgt
55=C:\iverilog\lib\libvpi.a
56=C:\iverilog\lib\libveriuser.a
57=C:\iverilog\iverilog.pdf
58=C:\iverilog\hello.vl
59=C:\iverilog\vvp.pdf
60=C:\iverilog\QUICK_START.txt
61=C:\iverilog\man\man1\iverilog.1
62=C:\iverilog\man\man1\vvp.1
63=C:\Documents and Settings\All Users\スタート メニュー\プログラム\Icarus Verilog 0.8\Remove Icarus Verilog 0.8.lnk
[RegKeys]
0=HKEY_LOCAL_MACHINE,Software
count=8
1=HKEY_LOCAL_MACHINE,Software\Icarus Verilog
2=HKEY_LOCAL_MACHINE,Software
3=HKEY_LOCAL_MACHINE,Software\Icarus Verilog
4=HKEY_LOCAL_MACHINE,Software
5=HKEY_LOCAL_MACHINE,Software\Icarus Verilog
6=HKEY_LOCAL_MACHINE,Software
7=HKEY_LOCAL_MACHINE,Software\Icarus Verilog
[RegNames2]
0=HKEY_LOCAL_MACHINE||Software\Icarus Verilog||InstallDir|| || ||3703282347
count=3
1=HKEY_LOCAL_MACHINE||Software\Icarus Verilog||MingwDir|| || ||1645568620
2=HKEY_LOCAL_MACHINE||Software\Icarus Verilog||MingwDir||1||c:\mingw\||3523407757
[C:\AUTOEXEC.BAT Changes]
0=2,0,C:\iverilog\bin;
[Strings]
IDS_STRING1=Are you sure you want to completely remove the selected application and all of its components?
IDS_STRING2=Confirm File Deletion
IDS_STRING3=The system indicates that the following shared file is no longer used by any programs.
IDS_STRING4=Remove Shared File?
IDS_STRING5=Uninstall successfully completed.
IDS_STRING6=Uninstall
IDS_STRING7=If any programs are still using this file and it is removed, those programs may not function. Are you sure you want to remove the shared file?
IDS_STRING8=Uninstall was partially successful.
IDS_ADMINPRIVILEGESNEEDED=Administrative privileges are needed to uninstall this software.
IDS_YES=&Yes
IDS_NO=&No
IDS_YESTOALL=Yes to &All
IDS_REMOVINGFILE=Removing File:
